Arguments: 
  D:\Program Files\nodejs\node.exe C:\Users\Dezlab\AppData\Roaming\npm\node_modules\yarn\bin\yarn.js add expo-app-loading

PATH: 
  C:\Python39\Scripts\;C:\Python39\;C:\WINDOWS\system32;C:\WINDOWS;C:\WINDOWS\System32\Wbem;C:\WINDOWS\System32\WindowsPowerShell\v1.0\;C:\WINDOWS\System32\OpenSSH\;D:\Program Files\nodejs\;C:\ProgramData\chocolatey\bin;D:\Program Files\nodejs;C:\Users\Dezlab\AppData\Local\Microsoft\WindowsApps;;D:\Users\Dezlab\AppData\Local\Programs\Microsoft VS Code\bin;C:\Users\Dezlab\AppData\Roaming\npm

Yarn version: 
  1.22.11

Node version: 
  14.17.4

Platform: 
  win32 ia32

Trace: 
  Error: https://registry.yarnpkg.com/core-js/-/core-js-2.6.12.tgz: ESOCKETTIMEDOUT
      at ClientRequest.<anonymous> (C:\Users\Dezlab\AppData\Roaming\npm\node_modules\yarn\lib\cli.js:141390:19)
      at Object.onceWrapper (events.js:519:28)
      at ClientRequest.emit (events.js:400:28)
      at TLSSocket.emitRequestTimeout (_http_client.js:790:9)
      at Object.onceWrapper (events.js:519:28)
      at TLSSocket.emit (events.js:412:35)
      at TLSSocket.Socket._onTimeout (net.js:484:8)
      at listOnTimeout (internal/timers.js:557:17)
      at processTimers (internal/timers.js:500:7)

npm manifest: 
  {
    "main": "node_modules/expo/AppEntry.js",
    "scripts": {
      "start": "expo start",
      "android": "expo start --android",
      "ios": "expo start --ios",
      "web": "expo start --web",
      "eject": "expo eject"
    },
    "dependencies": {
      "@use-expo/font": "^2.0.0",
      "expo": "~42.0.1",
      "expo-font": "~9.2.1",
      "expo-status-bar": "~1.0.4",
      "react": "16.13.1",
      "react-dom": "16.13.1",
      "react-native": "https://github.com/expo/react-native/archive/sdk-42.0.0.tar.gz",
      "react-native-web": "~0.13.12"
    },
    "devDependencies": {
      "@babel/core": "^7.9.0"
    },
    "private": true
  }

yarn manifest: 
  No manifest

Lockfile: 
  No lockfile
